<?xml version="1.0" encoding="UTF-8"?>
<testsuite xmlns:xsi="http://www.w3.org/2001/XMLSchema-instance" xsi:noNamespaceSchemaLocation="https://maven.apache.org/surefire/maven-surefire-plugin/xsd/surefire-test-report.xsd" name="com.pica.miaosha.MiaoshaApplicationTests" time="3.38" tests="1" errors="0" skipped="0" failures="0">
  <properties>
    <property name="sun.desktop" value="windows"/>
    <property name="awt.toolkit" value="sun.awt.windows.WToolkit"/>
    <property name="file.encoding.pkg" value="sun.io"/>
    <property name="java.specification.version" value="1.8"/>
    <property name="sun.cpu.isalist" value="amd64"/>
    <property name="sun.jnu.encoding" value="GBK"/>
    <property name="java.class.path" value="D:\code\miaosha_4\target\test-classes;D:\code\miaosha_4\target\classes;D:\openRepository\org\springframework\boot\spring-boot-starter-thymeleaf\2.5.2\spring-boot-starter-thymeleaf-2.5.2.jar;D:\openRepository\org\springframework\boot\spring-boot-starter\2.5.2\spring-boot-starter-2.5.2.jar;D:\openRepository\org\springframework\boot\spring-boot-starter-logging\2.5.2\spring-boot-starter-logging-2.5.2.jar;D:\openRepository\ch\qos\logback\logback-classic\1.2.3\logback-classic-1.2.3.jar;D:\openRepository\ch\qos\logback\logback-core\1.2.3\logback-core-1.2.3.jar;D:\openRepository\org\apache\logging\log4j\log4j-to-slf4j\2.14.1\log4j-to-slf4j-2.14.1.jar;D:\openRepository\org\apache\logging\log4j\log4j-api\2.14.1\log4j-api-2.14.1.jar;D:\openRepository\org\slf4j\jul-to-slf4j\1.7.31\jul-to-slf4j-1.7.31.jar;D:\openRepository\org\yaml\snakeyaml\1.28\snakeyaml-1.28.jar;D:\openRepository\org\thymeleaf\thymeleaf-spring5\3.0.12.RELEASE\thymeleaf-spring5-3.0.12.RELEASE.jar;D:\openRepository\org\thymeleaf\thymeleaf\3.0.12.RELEASE\thymeleaf-3.0.12.RELEASE.jar;D:\openRepository\org\attoparser\attoparser\2.0.5.RELEASE\attoparser-2.0.5.RELEASE.jar;D:\openRepository\org\unbescape\unbescape\1.1.6.RELEASE\unbescape-1.1.6.RELEASE.jar;D:\openRepository\org\thymeleaf\extras\thymeleaf-extras-java8time\3.0.4.RELEASE\thymeleaf-extras-java8time-3.0.4.RELEASE.jar;D:\openRepository\org\springframework\boot\spring-boot-starter-web\2.5.2\spring-boot-starter-web-2.5.2.jar;D:\openRepository\org\springframework\boot\spring-boot-starter-json\2.5.2\spring-boot-starter-json-2.5.2.jar;D:\openRepository\com\fasterxml\jackson\core\jackson-databind\2.12.3\jackson-databind-2.12.3.jar;D:\openRepository\com\fasterxml\jackson\core\jackson-annotations\2.12.3\jackson-annotations-2.12.3.jar;D:\openRepository\com\fasterxml\jackson\core\jackson-core\2.12.3\jackson-core-2.12.3.jar;D:\openRepository\com\fasterxml\jackson\datatype\jackson-datatype-jdk8\2.12.3\jackson-datatype-jdk8-2.12.3.jar;D:\openRepository\com\fasterxml\jackson\datatype\jackson-datatype-jsr310\2.12.3\jackson-datatype-jsr310-2.12.3.jar;D:\openRepository\com\fasterxml\jackson\module\jackson-module-parameter-names\2.12.3\jackson-module-parameter-names-2.12.3.jar;D:\openRepository\org\springframework\spring-web\5.3.8\spring-web-5.3.8.jar;D:\openRepository\org\springframework\spring-beans\5.3.8\spring-beans-5.3.8.jar;D:\openRepository\org\springframework\spring-webmvc\5.3.8\spring-webmvc-5.3.8.jar;D:\openRepository\org\springframework\spring-aop\5.3.8\spring-aop-5.3.8.jar;D:\openRepository\org\springframework\spring-context\5.3.8\spring-context-5.3.8.jar;D:\openRepository\org\springframework\spring-expression\5.3.8\spring-expression-5.3.8.jar;D:\openRepository\org\mybatis\spring\boot\mybatis-spring-boot-starter\2.2.0\mybatis-spring-boot-starter-2.2.0.jar;D:\openRepository\org\springframework\boot\spring-boot-starter-jdbc\2.5.2\spring-boot-starter-jdbc-2.5.2.jar;D:\openRepository\com\zaxxer\HikariCP\4.0.3\HikariCP-4.0.3.jar;D:\openRepository\org\springframework\spring-jdbc\5.3.8\spring-jdbc-5.3.8.jar;D:\openRepository\org\mybatis\spring\boot\mybatis-spring-boot-autoconfigure\2.2.0\mybatis-spring-boot-autoconfigure-2.2.0.jar;D:\openRepository\org\mybatis\mybatis\3.5.7\mybatis-3.5.7.jar;D:\openRepository\org\mybatis\mybatis-spring\2.0.6\mybatis-spring-2.0.6.jar;D:\openRepository\org\springframework\boot\spring-boot-devtools\2.5.2\spring-boot-devtools-2.5.2.jar;D:\openRepository\org\springframework\boot\spring-boot\2.5.2\spring-boot-2.5.2.jar;D:\openRepository\org\springframework\boot\spring-boot-autoconfigure\2.5.2\spring-boot-autoconfigure-2.5.2.jar;D:\openRepository\mysql\mysql-connector-java\5.1.49\mysql-connector-java-5.1.49.jar;D:\openRepository\com\alibaba\druid-spring-boot-starter\1.1.17\druid-spring-boot-starter-1.1.17.jar;D:\openRepository\com\alibaba\druid\1.1.17\druid-1.1.17.jar;D:\openRepository\org\slf4j\slf4j-api\1.7.31\slf4j-api-1.7.31.jar;D:\openRepository\org\springframework\boot\spring-boot-starter-data-redis\2.5.2\spring-boot-starter-data-redis-2.5.2.jar;D:\openRepository\org\springframework\data\spring-data-redis\2.5.2\spring-data-redis-2.5.2.jar;D:\openRepository\org\springframework\data\spring-data-keyvalue\2.5.2\spring-data-keyvalue-2.5.2.jar;D:\openRepository\org\springframework\data\spring-data-commons\2.5.2\spring-data-commons-2.5.2.jar;D:\openRepository\org\springframework\spring-tx\5.3.8\spring-tx-5.3.8.jar;D:\openRepository\org\springframework\spring-oxm\5.3.8\spring-oxm-5.3.8.jar;D:\openRepository\org\springframework\spring-context-support\5.3.8\spring-context-support-5.3.8.jar;D:\openRepository\io\lettuce\lettuce-core\6.1.3.RELEASE\lettuce-core-6.1.3.RELEASE.jar;D:\openRepository\io\netty\netty-common\4.1.65.Final\netty-common-4.1.65.Final.jar;D:\openRepository\io\netty\netty-handler\4.1.65.Final\netty-handler-4.1.65.Final.jar;D:\openRepository\io\netty\netty-resolver\4.1.65.Final\netty-resolver-4.1.65.Final.jar;D:\openRepository\io\netty\netty-buffer\4.1.65.Final\netty-buffer-4.1.65.Final.jar;D:\openRepository\io\netty\netty-codec\4.1.65.Final\netty-codec-4.1.65.Final.jar;D:\openRepository\io\netty\netty-transport\4.1.65.Final\netty-transport-4.1.65.Final.jar;D:\openRepository\io\projectreactor\reactor-core\3.4.7\reactor-core-3.4.7.jar;D:\openRepository\org\reactivestreams\reactive-streams\1.0.3\reactive-streams-1.0.3.jar;D:\openRepository\redis\clients\jedis\3.6.1\jedis-3.6.1.jar;D:\openRepository\org\apache\commons\commons-pool2\2.9.0\commons-pool2-2.9.0.jar;D:\openRepository\com\alibaba\fastjson\1.2.38\fastjson-1.2.38.jar;D:\openRepository\commons-codec\commons-codec\1.11\commons-codec-1.11.jar;D:\openRepository\org\apache\commons\commons-lang3\3.6\commons-lang3-3.6.jar;D:\openRepository\org\springframework\boot\spring-boot-starter-validation\2.5.2\spring-boot-starter-validation-2.5.2.jar;D:\openRepository\org\apache\tomcat\embed\tomcat-embed-el\9.0.48\tomcat-embed-el-9.0.48.jar;D:\openRepository\org\hibernate\validator\hibernate-validator\6.2.0.Final\hibernate-validator-6.2.0.Final.jar;D:\openRepository\jakarta\validation\jakarta.validation-api\2.0.2\jakarta.validation-api-2.0.2.jar;D:\openRepository\org\jboss\logging\jboss-logging\3.4.2.Final\jboss-logging-3.4.2.Final.jar;D:\openRepository\com\fasterxml\classmate\1.5.1\classmate-1.5.1.jar;D:\openRepository\org\springframework\boot\spring-boot-starter-tomcat\2.5.2\spring-boot-starter-tomcat-2.5.2.jar;D:\openRepository\jakarta\annotation\jakarta.annotation-api\1.3.5\jakarta.annotation-api-1.3.5.jar;D:\openRepository\org\apache\tomcat\embed\tomcat-embed-core\9.0.48\tomcat-embed-core-9.0.48.jar;D:\openRepository\org\apache\tomcat\embed\tomcat-embed-websocket\9.0.48\tomcat-embed-websocket-9.0.48.jar;D:\openRepository\org\springframework\boot\spring-boot-configuration-processor\2.5.2\spring-boot-configuration-processor-2.5.2.jar;D:\openRepository\org\projectlombok\lombok\1.18.20\lombok-1.18.20.jar;D:\openRepository\org\springframework\boot\spring-boot-starter-test\2.5.2\spring-boot-starter-test-2.5.2.jar;D:\openRepository\org\springframework\boot\spring-boot-test\2.5.2\spring-boot-test-2.5.2.jar;D:\openRepository\org\springframework\boot\spring-boot-test-autoconfigure\2.5.2\spring-boot-test-autoconfigure-2.5.2.jar;D:\openRepository\com\jayway\jsonpath\json-path\2.5.0\json-path-2.5.0.jar;D:\openRepository\net\minidev\json-smart\2.4.7\json-smart-2.4.7.jar;D:\openRepository\net\minidev\accessors-smart\2.4.7\accessors-smart-2.4.7.jar;D:\openRepository\org\ow2\asm\asm\9.1\asm-9.1.jar;D:\openRepository\jakarta\xml\bind\jakarta.xml.bind-api\2.3.3\jakarta.xml.bind-api-2.3.3.jar;D:\openRepository\jakarta\activation\jakarta.activation-api\1.2.2\jakarta.activation-api-1.2.2.jar;D:\openRepository\org\assertj\assertj-core\3.19.0\assertj-core-3.19.0.jar;D:\openRepository\org\hamcrest\hamcrest\2.2\hamcrest-2.2.jar;D:\openRepository\org\junit\jupiter\junit-jupiter\5.7.2\junit-jupiter-5.7.2.jar;D:\openRepository\org\junit\jupiter\junit-jupiter-api\5.7.2\junit-jupiter-api-5.7.2.jar;D:\openRepository\org\apiguardian\apiguardian-api\1.1.0\apiguardian-api-1.1.0.jar;D:\openRepository\org\opentest4j\opentest4j\1.2.0\opentest4j-1.2.0.jar;D:\openRepository\org\junit\platform\junit-platform-commons\1.7.2\junit-platform-commons-1.7.2.jar;D:\openRepository\org\junit\jupiter\junit-jupiter-params\5.7.2\junit-jupiter-params-5.7.2.jar;D:\openRepository\org\junit\jupiter\junit-jupiter-engine\5.7.2\junit-jupiter-engine-5.7.2.jar;D:\openRepository\org\junit\platform\junit-platform-engine\1.7.2\junit-platform-engine-1.7.2.jar;D:\openRepository\org\mockito\mockito-core\3.9.0\mockito-core-3.9.0.jar;D:\openRepository\net\bytebuddy\byte-buddy\1.10.22\byte-buddy-1.10.22.jar;D:\openRepository\net\bytebuddy\byte-buddy-agent\1.10.22\byte-buddy-agent-1.10.22.jar;D:\openRepository\org\objenesis\objenesis\3.2\objenesis-3.2.jar;D:\openRepository\org\mockito\mockito-junit-jupiter\3.9.0\mockito-junit-jupiter-3.9.0.jar;D:\openRepository\org\skyscreamer\jsonassert\1.5.0\jsonassert-1.5.0.jar;D:\openRepository\com\vaadin\external\google\android-json\0.0.20131108.vaadin1\android-json-0.0.20131108.vaadin1.jar;D:\openRepository\org\springframework\spring-core\5.3.8\spring-core-5.3.8.jar;D:\openRepository\org\springframework\spring-jcl\5.3.8\spring-jcl-5.3.8.jar;D:\openRepository\org\springframework\spring-test\5.3.8\spring-test-5.3.8.jar;D:\openRepository\org\xmlunit\xmlunit-core\2.8.2\xmlunit-core-2.8.2.jar;"/>
    <property name="java.vm.vendor" value="Oracle Corporation"/>
    <property name="sun.arch.data.model" value="64"/>
    <property name="user.variant" value=""/>
    <property name="java.vendor.url" value="http://java.oracle.com/"/>
    <property name="user.timezone" value="Asia/Shanghai"/>
    <property name="java.vm.specification.version" value="1.8"/>
    <property name="os.name" value="Windows 10"/>
    <property name="user.country" value="CN"/>
    <property name="sun.java.launcher" value="SUN_STANDARD"/>
    <property name="sun.boot.library.path" value="D:\Java\jdk1.8\jre\bin"/>
    <property name="sun.java.command" value="C:\Users\f\AppData\Local\Temp\surefire1644526419237603749\surefirebooter107571984559035460.jar C:\Users\f\AppData\Local\Temp\surefire1644526419237603749 2021-07-14T17-44-32_901-jvmRun1 surefire7979533270071195897tmp surefire_08459742678964862996tmp"/>
    <property name="surefire.test.class.path" value="D:\code\miaosha_4\target\test-classes;D:\code\miaosha_4\target\classes;D:\openRepository\org\springframework\boot\spring-boot-starter-thymeleaf\2.5.2\spring-boot-starter-thymeleaf-2.5.2.jar;D:\openRepository\org\springframework\boot\spring-boot-starter\2.5.2\spring-boot-starter-2.5.2.jar;D:\openRepository\org\springframework\boot\spring-boot-starter-logging\2.5.2\spring-boot-starter-logging-2.5.2.jar;D:\openRepository\ch\qos\logback\logback-classic\1.2.3\logback-classic-1.2.3.jar;D:\openRepository\ch\qos\logback\logback-core\1.2.3\logback-core-1.2.3.jar;D:\openRepository\org\apache\logging\log4j\log4j-to-slf4j\2.14.1\log4j-to-slf4j-2.14.1.jar;D:\openRepository\org\apache\logging\log4j\log4j-api\2.14.1\log4j-api-2.14.1.jar;D:\openRepository\org\slf4j\jul-to-slf4j\1.7.31\jul-to-slf4j-1.7.31.jar;D:\openRepository\org\yaml\snakeyaml\1.28\snakeyaml-1.28.jar;D:\openRepository\org\thymeleaf\thymeleaf-spring5\3.0.12.RELEASE\thymeleaf-spring5-3.0.12.RELEASE.jar;D:\openRepository\org\thymeleaf\thymeleaf\3.0.12.RELEASE\thymeleaf-3.0.12.RELEASE.jar;D:\openRepository\org\attoparser\attoparser\2.0.5.RELEASE\attoparser-2.0.5.RELEASE.jar;D:\openRepository\org\unbescape\unbescape\1.1.6.RELEASE\unbescape-1.1.6.RELEASE.jar;D:\openRepository\org\thymeleaf\extras\thymeleaf-extras-java8time\3.0.4.RELEASE\thymeleaf-extras-java8time-3.0.4.RELEASE.jar;D:\openRepository\org\springframework\boot\spring-boot-starter-web\2.5.2\spring-boot-starter-web-2.5.2.jar;D:\openRepository\org\springframework\boot\spring-boot-starter-json\2.5.2\spring-boot-starter-json-2.5.2.jar;D:\openRepository\com\fasterxml\jackson\core\jackson-databind\2.12.3\jackson-databind-2.12.3.jar;D:\openRepository\com\fasterxml\jackson\core\jackson-annotations\2.12.3\jackson-annotations-2.12.3.jar;D:\openRepository\com\fasterxml\jackson\core\jackson-core\2.12.3\jackson-core-2.12.3.jar;D:\openRepository\com\fasterxml\jackson\datatype\jackson-datatype-jdk8\2.12.3\jackson-datatype-jdk8-2.12.3.jar;D:\openRepository\com\fasterxml\jackson\datatype\jackson-datatype-jsr310\2.12.3\jackson-datatype-jsr310-2.12.3.jar;D:\openRepository\com\fasterxml\jackson\module\jackson-module-parameter-names\2.12.3\jackson-module-parameter-names-2.12.3.jar;D:\openRepository\org\springframework\spring-web\5.3.8\spring-web-5.3.8.jar;D:\openRepository\org\springframework\spring-beans\5.3.8\spring-beans-5.3.8.jar;D:\openRepository\org\springframework\spring-webmvc\5.3.8\spring-webmvc-5.3.8.jar;D:\openRepository\org\springframework\spring-aop\5.3.8\spring-aop-5.3.8.jar;D:\openRepository\org\springframework\spring-context\5.3.8\spring-context-5.3.8.jar;D:\openRepository\org\springframework\spring-expression\5.3.8\spring-expression-5.3.8.jar;D:\openRepository\org\mybatis\spring\boot\mybatis-spring-boot-starter\2.2.0\mybatis-spring-boot-starter-2.2.0.jar;D:\openRepository\org\springframework\boot\spring-boot-starter-jdbc\2.5.2\spring-boot-starter-jdbc-2.5.2.jar;D:\openRepository\com\zaxxer\HikariCP\4.0.3\HikariCP-4.0.3.jar;D:\openRepository\org\springframework\spring-jdbc\5.3.8\spring-jdbc-5.3.8.jar;D:\openRepository\org\mybatis\spring\boot\mybatis-spring-boot-autoconfigure\2.2.0\mybatis-spring-boot-autoconfigure-2.2.0.jar;D:\openRepository\org\mybatis\mybatis\3.5.7\mybatis-3.5.7.jar;D:\openRepository\org\mybatis\mybatis-spring\2.0.6\mybatis-spring-2.0.6.jar;D:\openRepository\org\springframework\boot\spring-boot-devtools\2.5.2\spring-boot-devtools-2.5.2.jar;D:\openRepository\org\springframework\boot\spring-boot\2.5.2\spring-boot-2.5.2.jar;D:\openRepository\org\springframework\boot\spring-boot-autoconfigure\2.5.2\spring-boot-autoconfigure-2.5.2.jar;D:\openRepository\mysql\mysql-connector-java\5.1.49\mysql-connector-java-5.1.49.jar;D:\openRepository\com\alibaba\druid-spring-boot-starter\1.1.17\druid-spring-boot-starter-1.1.17.jar;D:\openRepository\com\alibaba\druid\1.1.17\druid-1.1.17.jar;D:\openRepository\org\slf4j\slf4j-api\1.7.31\slf4j-api-1.7.31.jar;D:\openRepository\org\springframework\boot\spring-boot-starter-data-redis\2.5.2\spring-boot-starter-data-redis-2.5.2.jar;D:\openRepository\org\springframework\data\spring-data-redis\2.5.2\spring-data-redis-2.5.2.jar;D:\openRepository\org\springframework\data\spring-data-keyvalue\2.5.2\spring-data-keyvalue-2.5.2.jar;D:\openRepository\org\springframework\data\spring-data-commons\2.5.2\spring-data-commons-2.5.2.jar;D:\openRepository\org\springframework\spring-tx\5.3.8\spring-tx-5.3.8.jar;D:\openRepository\org\springframework\spring-oxm\5.3.8\spring-oxm-5.3.8.jar;D:\openRepository\org\springframework\spring-context-support\5.3.8\spring-context-support-5.3.8.jar;D:\openRepository\io\lettuce\lettuce-core\6.1.3.RELEASE\lettuce-core-6.1.3.RELEASE.jar;D:\openRepository\io\netty\netty-common\4.1.65.Final\netty-common-4.1.65.Final.jar;D:\openRepository\io\netty\netty-handler\4.1.65.Final\netty-handler-4.1.65.Final.jar;D:\openRepository\io\netty\netty-resolver\4.1.65.Final\netty-resolver-4.1.65.Final.jar;D:\openRepository\io\netty\netty-buffer\4.1.65.Final\netty-buffer-4.1.65.Final.jar;D:\openRepository\io\netty\netty-codec\4.1.65.Final\netty-codec-4.1.65.Final.jar;D:\openRepository\io\netty\netty-transport\4.1.65.Final\netty-transport-4.1.65.Final.jar;D:\openRepository\io\projectreactor\reactor-core\3.4.7\reactor-core-3.4.7.jar;D:\openRepository\org\reactivestreams\reactive-streams\1.0.3\reactive-streams-1.0.3.jar;D:\openRepository\redis\clients\jedis\3.6.1\jedis-3.6.1.jar;D:\openRepository\org\apache\commons\commons-pool2\2.9.0\commons-pool2-2.9.0.jar;D:\openRepository\com\alibaba\fastjson\1.2.38\fastjson-1.2.38.jar;D:\openRepository\commons-codec\commons-codec\1.11\commons-codec-1.11.jar;D:\openRepository\org\apache\commons\commons-lang3\3.6\commons-lang3-3.6.jar;D:\openRepository\org\springframework\boot\spring-boot-starter-validation\2.5.2\spring-boot-starter-validation-2.5.2.jar;D:\openRepository\org\apache\tomcat\embed\tomcat-embed-el\9.0.48\tomcat-embed-el-9.0.48.jar;D:\openRepository\org\hibernate\validator\hibernate-validator\6.2.0.Final\hibernate-validator-6.2.0.Final.jar;D:\openRepository\jakarta\validation\jakarta.validation-api\2.0.2\jakarta.validation-api-2.0.2.jar;D:\openRepository\org\jboss\logging\jboss-logging\3.4.2.Final\jboss-logging-3.4.2.Final.jar;D:\openRepository\com\fasterxml\classmate\1.5.1\classmate-1.5.1.jar;D:\openRepository\org\springframework\boot\spring-boot-starter-tomcat\2.5.2\spring-boot-starter-tomcat-2.5.2.jar;D:\openRepository\jakarta\annotation\jakarta.annotation-api\1.3.5\jakarta.annotation-api-1.3.5.jar;D:\openRepository\org\apache\tomcat\embed\tomcat-embed-core\9.0.48\tomcat-embed-core-9.0.48.jar;D:\openRepository\org\apache\tomcat\embed\tomcat-embed-websocket\9.0.48\tomcat-embed-websocket-9.0.48.jar;D:\openRepository\org\springframework\boot\spring-boot-configuration-processor\2.5.2\spring-boot-configuration-processor-2.5.2.jar;D:\openRepository\org\projectlombok\lombok\1.18.20\lombok-1.18.20.jar;D:\openRepository\org\springframework\boot\spring-boot-starter-test\2.5.2\spring-boot-starter-test-2.5.2.jar;D:\openRepository\org\springframework\boot\spring-boot-test\2.5.2\spring-boot-test-2.5.2.jar;D:\openRepository\org\springframework\boot\spring-boot-test-autoconfigure\2.5.2\spring-boot-test-autoconfigure-2.5.2.jar;D:\openRepository\com\jayway\jsonpath\json-path\2.5.0\json-path-2.5.0.jar;D:\openRepository\net\minidev\json-smart\2.4.7\json-smart-2.4.7.jar;D:\openRepository\net\minidev\accessors-smart\2.4.7\accessors-smart-2.4.7.jar;D:\openRepository\org\ow2\asm\asm\9.1\asm-9.1.jar;D:\openRepository\jakarta\xml\bind\jakarta.xml.bind-api\2.3.3\jakarta.xml.bind-api-2.3.3.jar;D:\openRepository\jakarta\activation\jakarta.activation-api\1.2.2\jakarta.activation-api-1.2.2.jar;D:\openRepository\org\assertj\assertj-core\3.19.0\assertj-core-3.19.0.jar;D:\openRepository\org\hamcrest\hamcrest\2.2\hamcrest-2.2.jar;D:\openRepository\org\junit\jupiter\junit-jupiter\5.7.2\junit-jupiter-5.7.2.jar;D:\openRepository\org\junit\jupiter\junit-jupiter-api\5.7.2\junit-jupiter-api-5.7.2.jar;D:\openRepository\org\apiguardian\apiguardian-api\1.1.0\apiguardian-api-1.1.0.jar;D:\openRepository\org\opentest4j\opentest4j\1.2.0\opentest4j-1.2.0.jar;D:\openRepository\org\junit\platform\junit-platform-commons\1.7.2\junit-platform-commons-1.7.2.jar;D:\openRepository\org\junit\jupiter\junit-jupiter-params\5.7.2\junit-jupiter-params-5.7.2.jar;D:\openRepository\org\junit\jupiter\junit-jupiter-engine\5.7.2\junit-jupiter-engine-5.7.2.jar;D:\openRepository\org\junit\platform\junit-platform-engine\1.7.2\junit-platform-engine-1.7.2.jar;D:\openRepository\org\mockito\mockito-core\3.9.0\mockito-core-3.9.0.jar;D:\openRepository\net\bytebuddy\byte-buddy\1.10.22\byte-buddy-1.10.22.jar;D:\openRepository\net\bytebuddy\byte-buddy-agent\1.10.22\byte-buddy-agent-1.10.22.jar;D:\openRepository\org\objenesis\objenesis\3.2\objenesis-3.2.jar;D:\openRepository\org\mockito\mockito-junit-jupiter\3.9.0\mockito-junit-jupiter-3.9.0.jar;D:\openRepository\org\skyscreamer\jsonassert\1.5.0\jsonassert-1.5.0.jar;D:\openRepository\com\vaadin\external\google\android-json\0.0.20131108.vaadin1\android-json-0.0.20131108.vaadin1.jar;D:\openRepository\org\springframework\spring-core\5.3.8\spring-core-5.3.8.jar;D:\openRepository\org\springframework\spring-jcl\5.3.8\spring-jcl-5.3.8.jar;D:\openRepository\org\springframework\spring-test\5.3.8\spring-test-5.3.8.jar;D:\openRepository\org\xmlunit\xmlunit-core\2.8.2\xmlunit-core-2.8.2.jar;"/>
    <property name="sun.cpu.endian" value="little"/>
    <property name="user.home" value="C:\Users\f"/>
    <property name="user.language" value="zh"/>
    <property name="java.specification.vendor" value="Oracle Corporation"/>
    <property name="java.home" value="D:\Java\jdk1.8\jre"/>
    <property name="basedir" value="D:\code\miaosha_4"/>
    <property name="file.separator" value="\"/>
    <property name="line.separator" value="&#10;"/>
    <property name="idea.version2019.2.4" value="true"/>
    <property name="java.vm.specification.vendor" value="Oracle Corporation"/>
    <property name="java.specification.name" value="Java Platform API Specification"/>
    <property name="java.awt.graphicsenv" value="sun.awt.Win32GraphicsEnvironment"/>
    <property name="surefire.real.class.path" value="C:\Users\f\AppData\Local\Temp\surefire1644526419237603749\surefirebooter107571984559035460.jar"/>
    <property name="sun.boot.class.path" value="D:\Java\jdk1.8\jre\lib\resources.jar;D:\Java\jdk1.8\jre\lib\rt.jar;D:\Java\jdk1.8\jre\lib\sunrsasign.jar;D:\Java\jdk1.8\jre\lib\jsse.jar;D:\Java\jdk1.8\jre\lib\jce.jar;D:\Java\jdk1.8\jre\lib\charsets.jar;D:\Java\jdk1.8\jre\lib\jfr.jar;D:\Java\jdk1.8\jre\classes"/>
    <property name="user.script" value=""/>
    <property name="sun.management.compiler" value="HotSpot 64-Bit Tiered Compilers"/>
    <property name="java.runtime.version" value="1.8.0_201-b09"/>
    <property name="user.name" value="f"/>
    <property name="path.separator" value=";"/>
    <property name="os.version" value="10.0"/>
    <property name="java.endorsed.dirs" value="D:\Java\jdk1.8\jre\lib\endorsed"/>
    <property name="java.runtime.name" value="Java(TM) SE Runtime Environment"/>
    <property name="file.encoding" value="GBK"/>
    <property name="java.vm.name" value="Java HotSpot(TM) 64-Bit Server VM"/>
    <property name="localRepository" value="D:\openRepository"/>
    <property name="java.vendor.url.bug" value="http://bugreport.sun.com/bugreport/"/>
    <property name="java.io.tmpdir" value="C:\Users\f\AppData\Local\Temp\"/>
    <property name="java.version" value="1.8.0_201"/>
    <property name="user.dir" value="D:\code\miaosha_4"/>
    <property name="os.arch" value="amd64"/>
    <property name="java.vm.specification.name" value="Java Virtual Machine Specification"/>
    <property name="java.awt.printerjob" value="sun.awt.windows.WPrinterJob"/>
    <property name="sun.os.patch.level" value=""/>
    <property name="java.library.path" value="D:\Java\jdk1.8\jre\bin;C:\WINDOWS\Sun\Java\bin;C:\WINDOWS\system32;C:\WINDOWS;C:\Program Files (x86)\Common Files\Oracle\Java\javapath;C:\Windows\system32;C:\Windows;C:\Windows\System32\Wbem;C:\Windows\System32\WindowsPowerShell\v1.0\;C:\Windows\System32\OpenSSH\;C:\Program Files (x86)\NVIDIA Corporation\PhysX\Common;C:\Program Files\NVIDIA Corporation\NVIDIA NvDLISR;C:\WINDOWS\system32;C:\WINDOWS;C:\WINDOWS\System32\Wbem;C:\WINDOWS\System32\WindowsPowerShell\v1.0\;C:\WINDOWS\System32\OpenSSH\;C:\Program Files\Microsoft SQL Server\110\Tools\Binn\;C:\Program Files (x86)\Windows Kits\8.1\Windows Performance Toolkit\;C:\Program Files (x86)\MySQL\MySQL Utilities 1.6\;D:\PuTTY\;D:\Java\jdk1.8;\bin;;."/>
    <property name="java.vm.info" value="mixed mode"/>
    <property name="java.vendor" value="Oracle Corporation"/>
    <property name="java.vm.version" value="25.201-b09"/>
    <property name="java.ext.dirs" value="D:\Java\jdk1.8\jre\lib\ext;C:\WINDOWS\Sun\Java\lib\ext"/>
    <property name="sun.io.unicode.encoding" value="UnicodeLittle"/>
    <property name="java.class.version" value="52.0"/>
  </properties>
  <testcase name="contextLoads" classname="com.pica.miaosha.MiaoshaApplicationTests" time="0.182"/>
</testsuite>